{"total": {"lines":{"total":58,"covered":58,"skipped":0,"pct":100},"statements":{"total":58,"covered":58,"skipped":0,"pct":100},"functions":{"total":18,"covered":18,"skipped":0,"pct":100},"branches":{"total":32,"covered":32,"skipped":0,"pct":100}}
,"/Users/horcrux/Work/opensources/bem-composer/src/bem.ts": {"lines":{"total":12,"covered":12,"skipped":0,"pct":100},"functions":{"total":2,"covered":2,"skipped":0,"pct":100},"statements":{"total":12,"covered":12,"skipped":0,"pct":100},"branches":{"total":8,"covered":8,"skipped":0,"pct":100}}
,"/Users/horcrux/Work/opensources/bem-composer/src/block.ts": {"lines":{"total":13,"covered":13,"skipped":0,"pct":100},"functions":{"total":4,"covered":4,"skipped":0,"pct":100},"statements":{"total":13,"covered":13,"skipped":0,"pct":100},"branches":{"total":4,"covered":4,"skipped":0,"pct":100}}
,"/Users/horcrux/Work/opensources/bem-composer/src/element.ts": {"lines":{"total":14,"covered":14,"skipped":0,"pct":100},"functions":{"total":6,"covered":6,"skipped":0,"pct":100},"statements":{"total":14,"covered":14,"skipped":0,"pct":100},"branches":{"total":4,"covered":4,"skipped":0,"pct":100}}
,"/Users/horcrux/Work/opensources/bem-composer/src/modifier.ts": {"lines":{"total":19,"covered":19,"skipped":0,"pct":100},"functions":{"total":6,"covered":6,"skipped":0,"pct":100},"statements":{"total":19,"covered":19,"skipped":0,"pct":100},"branches":{"total":16,"covered":16,"skipped":0,"pct":100}}
}
